<?xml version="1.0" encoding="UTF-8"?>
<!-- Generated by org.testng.reporters.JUnitReportReporter -->
<testsuite hostname="IITC-WS-QA09" name="Execution.text1" tests="1" failures="0" timestamp="5 Nov 2016 07:17:27 GMT" time="0.011" errors="0">
  <testcase name="gyh" time="0.011" classname="Execution.text1"/>
</testsuite> <!-- Execution.text1 -->
