<?xml version="1.0" encoding="UTF-8"?>
<!-- Generated by org.testng.reporters.JUnitReportReporter -->
<testsuite hostname="IITC-WS-QA09" name="Execution.Group" tests="1" failures="0" timestamp="2 Nov 2016 10:50:09 GMT" time="7.482" errors="0">
  <testcase name="createGroup" time="7.482" classname="Execution.Group"/>
</testsuite> <!-- Execution.Group -->
