<?xml version="1.0" encoding="UTF-8"?>
<!-- Generated by org.testng.reporters.JUnitReportReporter -->
<testsuite hostname="IITC-WS-QA09" name="Execution.LoginE" tests="4" failures="0" timestamp="7 Nov 2016 10:13:28 GMT" time="59.006" errors="0">
  <testcase name="testTeacherLeavesStudentSocialGroup" time="20.112" classname="Execution.LoginE"/>
  <testcase name="testTeacherJoinsStudentSocialGroup" time="15.789" classname="Execution.LoginE"/>
  <testcase name="testTeacherDeleteSocialGroup" time="9.449" classname="Execution.LoginE"/>
  <testcase name="testTeacherDeleteFiles" time="13.656" classname="Execution.LoginE"/>
</testsuite> <!-- Execution.LoginE -->
