<?xml version="1.0" encoding="UTF-8"?>
<!-- Generated by org.testng.reporters.JUnitReportReporter -->
<testsuite hostname="IITC-WS-QA09" name="criticalSanitySmoke.Test" tests="1" failures="0" timestamp="11 Nov 2016 07:14:53 GMT" time="16.902" errors="0">
  <testcase name="testStudentShareVideoOnTopNewsWall" time="16.902" classname="criticalSanitySmoke.Test"/>
</testsuite> <!-- criticalSanitySmoke.Test -->
