<?xml version="1.0" encoding="UTF-8"?>
<!-- Generated by org.testng.reporters.JUnitReportReporter -->
<testsuite hostname="IITC-WS-QA09" name="Execution.LoginB" tests="6" failures="0" timestamp="7 Nov 2016 10:13:28 GMT" time="64.437" errors="0">
  <testcase name="testStudentVerifyTopNewsWallPostOnRecentNewsWall" time="6.767" classname="Execution.LoginB"/>
  <testcase name="testStudentVerifyTopNewsWallPostOnProfileWall" time="9.689" classname="Execution.LoginB"/>
  <testcase name="testStudentPostTextOnTopNewsWall" time="6.823" classname="Execution.LoginB"/>
  <testcase name="testStudentPostURLOnTeacherSocialGroup" time="15.697" classname="Execution.LoginB"/>
  <testcase name="testStudentJoinsTeacherSocialGroup" time="15.595" classname="Execution.LoginB"/>
  <testcase name="testStudentCommentOnTeacherCoursePost" time="9.866" classname="Execution.LoginB"/>
</testsuite> <!-- Execution.LoginB -->
