<?xml version="1.0" encoding="UTF-8"?>
<!-- Generated by org.testng.reporters.JUnitReportReporter -->
<testsuite hostname="IITC-WS-QA09" name="criticalSanity.Test" tests="1" failures="0" timestamp="8 Nov 2016 11:16:44 GMT" time="6.076" errors="0">
  <testcase name="xyz" time="6.076" classname="criticalSanity.Test"/>
</testsuite> <!-- criticalSanity.Test -->
