<?xml version="1.0" encoding="UTF-8"?>
<!-- Generated by org.testng.reporters.JUnitReportReporter -->
<testsuite hostname="IITC-WS-QA09" name="Execution.LoginC" tests="5" failures="0" timestamp="7 Nov 2016 10:13:28 GMT" time="54.093" errors="0">
  <testcase name="testTeacherDeleteLiveSessionthroughMeetingWidget" time="9.207" classname="Execution.LoginC"/>
  <testcase name="testTeacherUploadFilesInCourse" time="18.184" classname="Execution.LoginC"/>
  <testcase name="testTeacherVerifyFilesInPortfolio" time="8.397" classname="Execution.LoginC"/>
  <testcase name="testTeacherShareImageOnTopNewsWall" time="11.950" classname="Execution.LoginC"/>
  <testcase name="testTeacherCreateLiveSessionthroughMeetingWidget" time="6.355" classname="Execution.LoginC"/>
</testsuite> <!-- Execution.LoginC -->
