<?xml version="1.0" encoding="UTF-8"?>
<!-- Generated by org.testng.reporters.JUnitReportReporter -->
<testsuite hostname="IITC-WS-QA09" name="Execution.testkp" tests="1" failures="0" timestamp="5 Nov 2016 12:27:08 GMT" time="310.432" errors="0">
  <testcase name="tyu" time="310.432" classname="Execution.testkp"/>
</testsuite> <!-- Execution.testkp -->
