<?xml version="1.0" encoding="UTF-8"?>
<!-- Generated by org.testng.reporters.JUnitReportReporter -->
<testsuite hostname="IITC-WS-QA09" name="Execution.LoginA" tests="7" failures="0" timestamp="7 Nov 2016 10:13:28 GMT" time="122.853" errors="0">
  <testcase name="testTeacherPostTextOnTopNewsWall" time="5.508" classname="Execution.LoginA"/>
  <testcase name="testTeacherPostOnCourseWall" time="15.261" classname="Execution.LoginA"/>
  <testcase name="testTeacherPostTextOnProfileWallAndVerifyOnTopNewsWall" time="27.988" classname="Execution.LoginA"/>
  <testcase name="testTeacherPostTextOnRecentNewsWallAndVerifyOnTopNewsWall" time="18.195" classname="Execution.LoginA"/>
  <testcase name="createGroup" time="13.219" classname="Execution.LoginA"/>
  <testcase name="testTeacherPostURLOnStudentsWall" time="22.619" classname="Execution.LoginA"/>
  <testcase name="testTeacherPostOnProfileWall" time="20.063" classname="Execution.LoginA"/>
</testsuite> <!-- Execution.LoginA -->
