<?xml version="1.0" encoding="UTF-8"?>
<!-- Generated by org.testng.reporters.JUnitReportReporter -->
<testsuite hostname="IITC-WS-QA09" name="Execution.pest1" tests="7" failures="0" timestamp="7 Nov 2016 08:04:43 GMT" time="119.916" errors="0">
  <testcase name="createGroup" time="12.827" classname="Execution.pest1"/>
  <testcase name="testTeacherPostTextOnTopNewsWall" time="5.564" classname="Execution.pest1"/>
  <testcase name="testTeacherPostOnProfileWall" time="20.243" classname="Execution.pest1"/>
  <testcase name="testTeacherPostTextOnRecentNewsWallAndVerifyOnTopNewsWall" time="18.561" classname="Execution.pest1"/>
  <testcase name="testTeacherPostTextOnProfileWallAndVerifyOnTopNewsWall" time="26.880" classname="Execution.pest1"/>
  <testcase name="testTeacherPostOnCourseWall" time="14.147" classname="Execution.pest1"/>
  <testcase name="testTeacherPostURLOnStudentsWall" time="21.694" classname="Execution.pest1"/>
</testsuite> <!-- Execution.pest1 -->
