<?xml version="1.0" encoding="UTF-8"?>
<!-- Generated by org.testng.reporters.JUnitReportReporter -->
<testsuite hostname="IITC-WS-QA09" name="Execution.Execute1" tests="1" failures="0" timestamp="25 Oct 2016 13:30:08 GMT" time="14.178" errors="0">
  <testcase name="login" time="14.178" classname="Execution.Execute1"/>
</testsuite> <!-- Execution.Execute1 -->
